<?xml version="1.0" encoding="UTF-8" ?>

<testsuite failures="0" time="0.001" errors="0" skipped="0" tests="6" name="datastructures.CNATableTests">
  <testcase classname="datastructures.CNATableTests" name="shouldTestRegex" time="0.001">
      </testcase>
  <testcase classname="datastructures.CNATableTests" name="shoudRemoveZeroEffect" time="0">
      </testcase>
  <testcase classname="datastructures.CNATableTests" name="shouldRemove" time="0">
      </testcase>
  <testcase classname="datastructures.CNATableTests" name="shoudClone" time="0">
      </testcase>
  <testcase classname="datastructures.CNATableTests" name="shouldRemoveCol" time="0">
      </testcase>
  <testcase classname="datastructures.CNATableTests" name="shouldSwap" time="0">
      </testcase>
</testsuite>
