<?xml version="1.0" encoding="UTF-8" ?>

<testsuite failures="0" time="0.173" errors="0" skipped="0" tests="7" name="random.RandomMTSetGeneratorTest">
  <testcase classname="random.RandomMTSetGeneratorTest" name="shouldGenerateFactorNames" time="0">
      </testcase>
  <testcase classname="random.RandomMTSetGeneratorTest" name="shouldMakeChain" time="0.063">
      </testcase>
  <testcase classname="random.RandomMTSetGeneratorTest" name="shouldNotHaveDuplicatedFactorsInMTSet" time="0.04">
      </testcase>
  <testcase classname="random.RandomMTSetGeneratorTest" name="shouldCreateRandomNumbers" time="0">
      </testcase>
  <testcase classname="random.RandomMTSetGeneratorTest" name="shouldNotHaveSameFactorsAsCauseAndEffectInTheory" time="0.025">
      </testcase>
  <testcase classname="random.RandomMTSetGeneratorTest" name="shouldMakeEpiphenomenon" time="0.026">
      </testcase>
  <testcase classname="random.RandomMTSetGeneratorTest" name="shouldMakeEpiAndChain" time="0.019">
      </testcase>
</testsuite>
