<?xml version="1.0" encoding="UTF-8" ?>

<testsuite failures="0" time="0" errors="0" skipped="0" tests="7" name="datastructures.MinimalTheorieSetTests">
  <testcase classname="datastructures.MinimalTheorieSetTests" name="shouldRemove" time="0">
      </testcase>
  <testcase classname="datastructures.MinimalTheorieSetTests" name="shouldAdd" time="0">
      </testcase>
  <testcase classname="datastructures.MinimalTheorieSetTests" name="shouldGetSingles" time="0">
      </testcase>
  <testcase classname="datastructures.MinimalTheorieSetTests" name="shouldGetNumbersOfFactors" time="0">
      </testcase>
  <testcase classname="datastructures.MinimalTheorieSetTests" name="shouldGetNumbersOfEffects" time="0">
      </testcase>
  <testcase classname="datastructures.MinimalTheorieSetTests" name="shouldGetAllFactors" time="0">
      </testcase>
  <testcase classname="datastructures.MinimalTheorieSetTests" name="shouldGetAllEffects" time="0">
      </testcase>
</testsuite>
