<?xml version="1.0" encoding="UTF-8" ?>

<testsuite failures="0" time="0" errors="0" skipped="0" tests="3" name="datastructures.CNAListTests">
  <testcase classname="datastructures.CNAListTests" name="shouldTestRegex" time="0">
      </testcase>
  <testcase classname="datastructures.CNAListTests" name="shouldSwap" time="0">
      </testcase>
  <testcase classname="datastructures.CNAListTests" name="shouldNegate" time="0">
      </testcase>
</testsuite>
